[ 96(França)(b) 40(Chile)(b) 227(Brasil)(b) 140(Argentina)(b) 8(Alemanha Oriental)(b) 218(Alemanha)(p) 2(Angola)(p) 9(Austrália)(p) 12(Argélia)(b) 8(Arábia Saudita)(p) 1(Bolivia)(b) 51(Bélgica)(b) 17(Bulgária)(b) 19(Camarões)(b) 3(Bósnia e Herzegovna)(p) 0(Canadá)(p) 0(El Salvador)(b) 19(Costa Rica)(b) 4(Coreia do Norte)(p) 23(Colômbia)(b) 0(China)(p) 24(Coreia do Sul)(b) 4(Cuba)(p) 23(Croácia)(b) 10(Costa do Marfim)(p) 2(Egito)(b) 26(Dinamarca)(p) 99(Espanha)(b) 19(Escócia)(p) 0(Emirados Arabes)(b) 13(Equador)(p) 4(Eslovênia)(b) 4(Eslováquia)(p) 30(Estados Unidos)(b) 31(Paraguai)(b) 156(Itália)(b) 98(Inglaterra)(p) 48(Hungria)(b) 93(Holanda)(p) 8(Grécia)(b) 15(Gana)(p) 0(Haiti)(p) 3(Honduras)(b) 0(Indonésia)(b) 6(Irã)(b) 14(Irlanda)(b) 0(Iraque)(p) 14(Irlanda do Norte)(p) 2(Israel)(b) 56(México)(b) 1(Kuwait)(p) 16(Japão)(b) 3(Jamaica)(p) 10(Marrocos)(b) 9(Noruega)(b) 18(Nigéria)(p) 3(Nova Zelândia)(p) 29(Romênia)(b) 50(Polônia)(b) 15(Peru)(b) 6(País de Gales)(p) 41(República Tcheca)(b) 43(Portugal)(p) 7(Tunísia)(p) 39(Suíça)(b) 8(Senegal)(b) 59(Rússia)(p) 61(Suécia)(p) 0(Togo)(b) 59(Sérvia)(p) 1(Trinidad e Tobago)(p) 72(Uruguai)(b) 16(Turquia)(b) 7(Ucrânia)(p) 10(África do Sul)(b) 0(Zaire)(p) 40(Áustria)(p) ]
Afeganistão raiz esq esq esq esq esq esq NÃO
África do Sul raiz dir dir dir dir dir SIM
Albânia raiz esq esq esq esq esq esq NÃO
Alemanha raiz esq esq esq esq esq SIM
Andorra raiz esq esq esq esq dir esq NÃO
Angola raiz esq esq esq esq dir SIM
Antiga e Barbuda raiz esq esq esq esq dir dir NÃO
Arábia Saudita raiz esq esq esq dir esq dir SIM
Argélia raiz esq esq esq dir esq SIM
Argentina raiz esq esq esq SIM
Arménia raiz esq esq esq dir esq dir esq NÃO
Austrália raiz esq esq esq dir SIM
Áustria raiz dir dir dir dir dir dir SIM
Azerbaijão raiz esq esq esq dir dir esq NÃO
Bahamas raiz esq esq esq dir dir esq NÃO
Bangladexe raiz esq esq esq dir dir esq NÃO
Barbados raiz esq esq esq dir dir esq NÃO
Barém raiz esq esq esq dir dir esq NÃO
Bélgica raiz esq esq dir SIM
Belize raiz esq esq esq dir dir esq NÃO
Benim raiz esq esq esq dir dir esq NÃO
Bielorrússia raiz esq esq esq dir dir esq NÃO
Bolívia raiz esq esq esq dir dir dir NÃO
Bósnia e Herzegovina raiz esq esq dir dir esq esq NÃO
Botsuana raiz esq esq esq dir dir dir NÃO
Brasil raiz esq esq SIM
Brunei raiz esq esq dir esq esq NÃO
Bulgária raiz esq esq dir esq SIM
Burquina Faso raiz esq esq dir esq dir NÃO
Burúndi raiz esq esq dir esq dir NÃO
Butão raiz esq esq dir esq dir NÃO
Cabo Verde raiz esq esq dir dir esq dir NÃO
Camarões raiz esq esq dir dir SIM
Camboja raiz esq esq dir dir dir esq NÃO
Canadá raiz esq esq dir dir dir SIM
Catar raiz esq esq dir dir dir dir NÃO
Cazaquistão raiz esq esq dir dir dir dir NÃO
Chade raiz esq esq dir dir dir dir NÃO
Chile raiz esq SIM
China raiz esq dir esq esq esq esq SIM
Chipre raiz esq dir esq esq esq esq dir NÃO
Colômbia raiz esq dir esq esq esq SIM
Comores raiz esq dir esq esq esq dir NÃO
Congo-Brazzaville raiz esq dir esq esq esq dir NÃO
Coreia do Norte raiz esq dir esq esq SIM
Coreia do Sul raiz esq dir esq esq dir SIM
Cosovo raiz esq dir esq esq dir dir NÃO
Costa do Marfim raiz esq dir esq dir esq esq SIM
Costa Rica raiz esq dir esq SIM
Croácia raiz esq dir esq dir esq SIM
Cuaite raiz esq dir esq dir esq dir NÃO
Cuba raiz esq dir esq dir SIM
Dinamarca raiz esq dir esq dir dir esq SIM
Dominica raiz esq dir esq dir dir esq dir NÃO
Egito raiz esq dir esq dir dir SIM
Emirados Árabes Unidos raiz esq dir dir esq esq dir esq NÃO
Equador raiz esq dir dir esq esq dir SIM
Eritreia raiz esq dir dir esq esq dir dir NÃO
Eslováquia raiz esq dir dir esq dir esq SIM
Eslovénia raiz esq dir dir esq dir esq dir NÃO
Espanha raiz esq dir dir SIM
Estado da Palestina raiz esq dir dir dir esq NÃO
Estados Unidos raiz esq dir dir dir SIM
Estónia raiz esq dir dir dir dir NÃO
Etiópia raiz esq dir dir dir dir NÃO
Fiji raiz esq dir dir dir dir NÃO
Filipinas raiz esq dir dir dir dir NÃO
Finlândia raiz esq dir dir dir dir NÃO
França raiz SIM
Gabão raiz dir esq esq esq esq esq esq esq NÃO
Gâmbia raiz dir esq esq esq esq esq dir esq NÃO
Gana raiz dir esq esq esq esq esq esq SIM
Geórgia raiz dir esq esq esq esq esq esq dir NÃO
Granada raiz dir esq esq esq esq esq esq dir NÃO
Grécia raiz dir esq esq esq esq esq SIM
Guatemala raiz dir esq esq esq esq esq dir esq NÃO
Guiana raiz dir esq esq esq esq esq dir esq NÃO
Guiné raiz dir esq esq esq esq esq dir esq NÃO
Guiné Equatorial raiz dir esq esq esq esq esq dir esq NÃO
Guiné-Bissau raiz dir esq esq esq esq esq dir esq NÃO
Haiti raiz dir esq esq esq esq esq dir SIM
Honduras raiz dir esq esq esq esq dir SIM
Hungria raiz dir esq esq esq SIM
Iémen raiz dir esq dir esq esq esq esq NÃO
Ilhas Marechal raiz dir esq esq esq dir esq NÃO
Índia raiz dir dir dir dir dir dir dir NÃO
Indonésia raiz dir esq esq esq dir SIM
Irão raiz dir esq esq dir dir esq NÃO
Iraque raiz dir esq esq dir esq esq SIM
Irlanda raiz dir esq esq dir esq SIM
Islândia raiz dir esq esq dir dir esq NÃO
Israel raiz dir esq esq dir dir SIM
Itália raiz dir esq SIM
Jamaica raiz dir esq dir esq esq esq SIM
Japão raiz dir esq dir esq esq SIM
Jibuti raiz dir esq dir esq esq dir NÃO
Jordânia raiz dir esq dir esq esq dir NÃO
Laus raiz dir esq dir esq dir esq NÃO
Lesoto raiz dir esq dir esq dir esq NÃO
Letónia raiz dir esq dir esq dir esq NÃO
Líbano raiz dir esq dir esq dir esq NÃO
Libéria raiz dir esq dir esq dir esq NÃO
Líbia raiz dir esq dir esq dir esq NÃO
Listenstaine raiz dir esq dir esq dir esq NÃO
Lituânia raiz dir esq dir esq dir esq NÃO
Luxemburgo raiz dir esq dir esq dir esq NÃO
Macedónia raiz dir esq dir esq dir esq NÃO
Madagáscar raiz dir esq dir esq dir esq NÃO
Malásia raiz dir esq dir esq dir esq NÃO
Maláui raiz dir esq dir esq dir esq NÃO
Maldivas raiz dir esq dir esq dir esq NÃO
Mali raiz dir esq dir esq dir esq NÃO
Malta raiz dir esq dir esq dir esq NÃO
Marrocos raiz dir esq dir esq dir SIM
Maurícia raiz dir esq dir esq dir dir NÃO
Mauritânia raiz dir esq dir esq dir dir NÃO
México raiz dir esq dir SIM
Mianmar raiz dir esq dir esq dir dir NÃO
Micronésia raiz dir esq dir esq dir dir NÃO
Moçambique raiz dir esq dir esq dir dir NÃO
Moldávia raiz dir esq dir esq dir dir NÃO
Mónaco raiz dir esq dir dir esq esq NÃO
Mongólia raiz dir esq dir esq dir dir NÃO
Montenegro raiz dir esq dir esq dir dir NÃO
Namíbia raiz dir esq dir dir esq esq NÃO
Nauru raiz dir esq dir dir esq esq NÃO
Nepal raiz dir esq dir dir esq esq NÃO
Nicarágua raiz dir esq dir dir esq esq NÃO
Níger raiz dir esq dir dir dir dir NÃO
Nigéria raiz dir esq dir dir esq SIM
Noruega raiz dir esq dir dir SIM
Nova Zelândia raiz dir esq dir dir dir SIM
Omã raiz dir esq dir dir dir dir NÃO
Países Baixos raiz dir dir esq esq esq dir NÃO
Palau raiz dir esq dir dir dir dir NÃO
Panamá raiz dir esq dir dir dir dir NÃO
Papua Nova Guiné raiz dir esq dir dir dir dir NÃO
Paquistão raiz dir esq dir dir dir dir NÃO
Paraguai raiz dir SIM
Peru raiz dir dir esq esq SIM
Polónia raiz dir dir esq esq dir NÃO
Portugal raiz dir dir esq dir esq SIM
Quénia raiz dir dir esq dir esq dir NÃO
Quirguistão raiz dir dir esq dir esq dir NÃO
Quiribáti raiz dir dir esq dir esq dir NÃO
Reino Unido raiz dir dir esq dir esq dir NÃO
República Centro-Africana raiz dir dir esq dir esq dir NÃO
República Democrática do Congo raiz dir dir esq dir esq dir NÃO
República Dominicana raiz dir dir esq dir esq dir NÃO
República Tcheca raiz dir dir esq dir SIM
Roménia raiz dir dir esq dir dir NÃO
Ruanda raiz dir dir dir esq esq esq esq NÃO
Rússia raiz dir dir dir esq esq esq SIM
Salomão raiz dir dir dir esq esq esq dir NÃO
Salvador raiz dir dir dir esq esq esq dir NÃO
Samoa raiz dir dir dir esq esq esq dir NÃO
Santa Lúcia raiz dir dir dir esq esq esq dir NÃO
São Cristóvão e Neves raiz dir dir dir esq dir esq esq NÃO
São Marinho raiz dir dir dir esq dir esq esq NÃO
São Tomé e Príncipe raiz dir dir dir esq dir esq esq NÃO
São Vicente e Granadinas raiz dir dir dir esq dir esq esq NÃO
Seicheles raiz dir dir dir esq esq esq dir NÃO
Senegal raiz dir dir dir esq esq SIM
Serra Leoa raiz dir dir dir esq esq dir esq NÃO
Sérvia raiz dir dir dir esq dir esq SIM
Singapura raiz dir dir dir esq esq dir esq NÃO
Síria raiz dir dir dir esq dir esq dir NÃO
Somália raiz dir dir dir esq esq dir esq NÃO
Sri Lanca raiz dir dir dir esq esq dir esq NÃO
Suazilândia raiz dir dir dir esq esq dir esq NÃO
Sudão raiz dir dir dir esq esq dir esq NÃO
Sudão do Sul raiz dir dir dir esq esq dir esq NÃO
Suécia raiz dir dir dir esq esq dir SIM
Suíça raiz dir dir dir esq SIM
Suriname raiz dir dir dir esq esq dir esq NÃO
Tailândia raiz dir dir dir esq dir esq dir NÃO
Taiuã raiz dir dir dir esq dir esq dir NÃO
Tajiquistão raiz dir dir dir esq dir esq dir NÃO
Tanzânia raiz dir dir dir esq dir esq dir NÃO
Timor-Leste raiz dir dir dir esq dir esq dir NÃO
Togo raiz dir dir dir esq dir SIM
Tonga raiz dir dir dir esq dir dir esq NÃO
Trindade e Tobago raiz dir dir dir esq dir dir esq NÃO
Tunísia raiz dir dir dir SIM
Turcomenistão raiz dir dir dir dir esq esq NÃO
Turquia raiz dir dir dir dir esq SIM
Tuvalu raiz dir dir dir dir esq dir esq NÃO
Ucrânia raiz dir dir dir dir esq dir SIM
Uganda raiz dir dir dir dir esq dir dir NÃO
Uruguai raiz dir dir dir dir SIM
Usbequistão raiz dir dir dir dir dir esq esq NÃO
Vanuatu raiz dir dir dir dir dir esq esq NÃO
Vaticano raiz dir dir dir dir dir esq esq NÃO
Venezuela raiz dir dir dir dir dir esq esq NÃO
Vietname raiz dir dir dir dir dir esq esq NÃO
Zâmbia raiz dir dir dir dir dir esq dir NÃO
Zimbábue raiz dir dir dir dir dir esq dir NÃO
