[ 56(México)(b) 16(Turquia)(p) 9(Noruega)(b) 2(Egito)(b) 1(Bolivia)(b) 0(Indonésia)(p) 6(País de Gales)(p) 4(Cuba)(b) 3(Honduras)(p) 8(Alemanha Oriental)(b) 7(Tunísia)(p) 14(Irlanda do Norte)(b) 12(Argélia)(p) 10(Marrocos)(b) 13(Equador)(b) 15(Peru)(b) 29(Romênia)(b) 23(Colômbia)(b) 18(Nigéria)(b) 17(Bulgária)(p) 19(Escócia)(p) 24(Coreia do Sul)(b) 26(Dinamarca)(p) 40(Chile)(b) 31(Paraguai)(b) 30(Estados Unidos)(p) 39(Suíça)(p) 48(Hungria)(p) 41(República Tcheca)(b) 43(Portugal)(p) 51(Bélgica)(b) 50(Polônia)(p) 96(França)(b) 72(Uruguai)(b) 59(Sérvia)(b) 61(Suécia)(p) 93(Holanda)(b) 156(Itália)(b) 99(Espanha)(b) 98(Inglaterra)(p) 140(Argentina)(p) 227(Brasil)(b) 218(Alemanha)(p) ]
[ 56(México)(b) 16(Turquia)(p) 9(Noruega)(b) 2(Egito)(b) 1(Bolivia)(b) 0(Indonésia)(p) 6(País de Gales)(p) 4(Cuba)(b) 3(Honduras)(p) 8(Alemanha Oriental)(b) 7(Tunísia)(p) 14(Irlanda do Norte)(b) 12(Argélia)(p) 10(Marrocos)(b) 13(Equador)(b) 15(Peru)(b) 29(Romênia)(b) 23(Colômbia)(b) 18(Nigéria)(b) 17(Bulgária)(p) 19(Escócia)(p) 24(Coreia do Sul)(b) 26(Dinamarca)(p) 40(Chile)(b) 31(Paraguai)(b) 30(Estados Unidos)(p) 39(Suíça)(p) 48(Hungria)(p) 41(República Tcheca)(b) 43(Portugal)(p) 51(Bélgica)(b) 50(Polônia)(p) 96(França)(b) 72(Uruguai)(b) 59(Sérvia)(b) 61(Suécia)(p) 93(Holanda)(b) 156(Itália)(b) 99(Espanha)(b) 98(Inglaterra)(p) 140(Argentina)(p) 227(Brasil)(b) 218(Alemanha)(p) ]
Afeganistão raiz esq esq esq esq esq esq NÃO
África do Sul raiz dir dir dir dir NÃO
Albânia raiz esq esq esq esq esq esq NÃO
Alemanha raiz esq esq esq esq esq esq NÃO
Andorra raiz esq esq esq esq esq esq NÃO
Angola raiz esq esq esq esq esq esq NÃO
Antiga e Barbuda raiz esq esq esq esq esq esq NÃO
Arábia Saudita raiz esq esq esq esq esq esq NÃO
Argélia raiz esq esq esq esq esq esq NÃO
Argentina raiz esq esq esq esq esq esq NÃO
Arménia raiz esq esq esq esq esq esq NÃO
Austrália raiz esq esq esq esq esq esq NÃO
Áustria raiz dir dir dir dir NÃO
Azerbaijão raiz esq esq esq esq esq esq NÃO
Bahamas raiz esq esq esq esq esq esq NÃO
Bangladexe raiz esq esq esq esq esq esq NÃO
Barbados raiz esq esq esq esq esq esq NÃO
Barém raiz esq esq esq esq esq esq NÃO
Bélgica raiz esq esq esq esq dir NÃO
Belize raiz esq esq esq esq esq esq NÃO
Benim raiz esq esq esq esq esq esq NÃO
Bielorrússia raiz esq esq esq esq esq esq NÃO
Bolívia raiz esq esq esq esq dir NÃO
Bósnia e Herzegovina raiz esq esq esq esq dir NÃO
Botsuana raiz esq esq esq esq dir NÃO
Brasil raiz esq esq esq esq dir NÃO
Brunei raiz esq esq esq esq dir NÃO
Bulgária raiz esq esq esq esq dir NÃO
Burquina Faso raiz esq esq esq esq dir NÃO
Burúndi raiz esq esq esq esq dir NÃO
Butão raiz esq esq esq esq dir NÃO
Cabo Verde raiz esq esq esq esq dir NÃO
Camarões raiz esq esq esq esq dir NÃO
Camboja raiz esq esq esq esq dir NÃO
Canadá raiz esq esq esq esq dir NÃO
Catar raiz esq esq esq esq dir NÃO
Cazaquistão raiz esq esq esq esq dir NÃO
Chade raiz esq esq esq esq dir NÃO
Chile raiz esq esq esq esq dir NÃO
China raiz esq esq esq esq dir NÃO
Chipre raiz esq esq esq esq dir NÃO
Colômbia raiz esq esq esq esq dir NÃO
Comores raiz esq esq esq esq dir NÃO
Congo-Brazzaville raiz esq esq esq esq dir NÃO
Coreia do Norte raiz esq esq esq esq dir NÃO
Coreia do Sul raiz esq esq esq esq dir NÃO
Cosovo raiz esq esq esq esq dir NÃO
Costa do Marfim raiz esq esq esq esq dir NÃO
Costa Rica raiz esq esq esq esq dir NÃO
Croácia raiz esq esq esq esq dir NÃO
Cuaite raiz esq esq esq esq dir NÃO
Cuba raiz esq esq esq esq dir NÃO
Dinamarca raiz esq esq esq esq dir NÃO
Dominica raiz esq esq esq esq dir NÃO
Egito raiz esq esq esq SIM
Emirados Árabes Unidos raiz esq esq esq dir esq dir NÃO
Equador raiz esq esq esq dir esq dir NÃO
Eritreia raiz esq esq esq dir esq dir NÃO
Eslováquia raiz esq esq esq dir esq dir NÃO
Eslovénia raiz esq esq esq dir esq dir NÃO
Espanha raiz esq esq esq dir esq dir NÃO
Estado da Palestina raiz esq esq esq dir esq dir NÃO
Estados Unidos raiz esq esq esq dir esq dir NÃO
Estónia raiz esq esq esq dir esq dir NÃO
Etiópia raiz esq esq esq dir esq dir NÃO
Fiji raiz esq esq esq dir esq dir NÃO
Filipinas raiz esq esq esq dir esq dir NÃO
Finlândia raiz esq esq esq dir esq dir NÃO
França raiz esq esq esq dir esq dir NÃO
Gabão raiz esq esq esq dir esq dir NÃO
Gâmbia raiz esq esq esq dir esq dir NÃO
Gana raiz esq esq esq dir esq dir NÃO
Geórgia raiz esq esq esq dir esq dir NÃO
Granada raiz esq esq esq dir esq dir NÃO
Grécia raiz esq esq esq dir esq dir NÃO
Guatemala raiz esq esq esq dir esq dir NÃO
Guiana raiz esq esq esq dir esq dir NÃO
Guiné raiz esq esq esq dir esq dir NÃO
Guiné Equatorial raiz esq esq esq dir esq dir NÃO
Guiné-Bissau raiz esq esq esq dir esq dir NÃO
Haiti raiz esq esq esq dir esq dir NÃO
Honduras raiz esq esq esq dir esq dir NÃO
Hungria raiz esq esq esq dir esq dir NÃO
Iémen raiz esq esq esq dir esq dir NÃO
Ilhas Marechal raiz esq esq esq dir esq dir NÃO
Índia raiz dir dir dir dir NÃO
Indonésia raiz esq esq esq dir esq dir NÃO
Irão raiz esq esq esq dir esq dir NÃO
Iraque raiz esq esq esq dir esq dir NÃO
Irlanda raiz esq esq esq dir esq dir NÃO
Islândia raiz esq esq esq dir esq dir NÃO
Israel raiz esq esq esq dir esq dir NÃO
Itália raiz esq esq esq dir esq dir NÃO
Jamaica raiz esq esq esq dir esq dir NÃO
Japão raiz esq esq esq dir esq dir NÃO
Jibuti raiz esq esq esq dir esq dir NÃO
Jordânia raiz esq esq esq dir esq dir NÃO
Laus raiz esq esq esq dir esq dir NÃO
Lesoto raiz esq esq esq dir esq dir NÃO
Letónia raiz esq esq esq dir esq dir NÃO
Líbano raiz esq esq esq dir esq dir NÃO
Libéria raiz esq esq esq dir esq dir NÃO
Líbia raiz esq esq esq dir esq dir NÃO
Listenstaine raiz esq esq esq dir esq dir NÃO
Lituânia raiz esq esq esq dir esq dir NÃO
Luxemburgo raiz esq esq esq dir esq dir NÃO
Macedónia raiz esq esq esq dir esq dir NÃO
Madagáscar raiz esq esq esq dir esq dir NÃO
Malásia raiz esq esq esq dir esq dir NÃO
Maláui raiz esq esq esq dir esq dir NÃO
Maldivas raiz esq esq esq dir esq dir NÃO
Mali raiz esq esq esq dir esq dir NÃO
Malta raiz esq esq esq dir esq dir NÃO
Marrocos raiz esq esq esq dir esq dir NÃO
Maurícia raiz esq esq esq dir esq dir NÃO
Mauritânia raiz esq esq esq dir esq dir NÃO
México raiz SIM
Mianmar raiz esq esq esq dir esq dir NÃO
Micronésia raiz esq esq esq dir esq dir NÃO
Moçambique raiz esq esq esq dir esq dir NÃO
Moldávia raiz esq esq esq dir esq dir NÃO
Mónaco raiz dir dir dir dir NÃO
Mongólia raiz esq esq esq dir esq dir NÃO
Montenegro raiz esq esq esq dir esq dir NÃO
Namíbia raiz dir dir dir dir NÃO
Nauru raiz dir dir dir dir NÃO
Nepal raiz dir dir dir dir NÃO
Nicarágua raiz dir dir dir dir NÃO
Níger raiz dir dir dir dir NÃO
Nigéria raiz dir dir dir dir NÃO
Noruega raiz dir dir dir dir NÃO
Nova Zelândia raiz dir dir dir dir NÃO
Omã raiz dir dir dir dir NÃO
Países Baixos raiz dir dir dir dir NÃO
Palau raiz dir dir dir dir NÃO
Panamá raiz dir dir dir dir NÃO
Papua Nova Guiné raiz dir dir dir dir NÃO
Paquistão raiz dir dir dir dir NÃO
Paraguai raiz dir dir dir dir NÃO
Peru raiz dir dir dir dir NÃO
Polónia raiz dir dir dir dir NÃO
Portugal raiz dir dir dir dir NÃO
Quénia raiz dir dir dir dir NÃO
Quirguistão raiz dir dir dir dir NÃO
Quiribáti raiz dir dir dir dir NÃO
Reino Unido raiz dir dir dir dir NÃO
República Centro-Africana raiz dir dir dir dir NÃO
República Democrática do Congo raiz dir dir dir dir NÃO
República Dominicana raiz dir dir dir dir NÃO
República Tcheca raiz dir dir dir dir NÃO
Roménia raiz dir dir dir dir NÃO
Ruanda raiz dir dir dir dir NÃO
Rússia raiz dir dir dir dir NÃO
Salomão raiz dir dir dir dir NÃO
Salvador raiz dir dir dir dir NÃO
Samoa raiz dir dir dir dir NÃO
Santa Lúcia raiz dir dir dir dir NÃO
São Cristóvão e Neves raiz dir dir dir dir NÃO
São Marinho raiz dir dir dir dir NÃO
São Tomé e Príncipe raiz dir dir dir dir NÃO
São Vicente e Granadinas raiz dir dir dir dir NÃO
Seicheles raiz dir dir dir dir NÃO
Senegal raiz dir dir dir dir NÃO
Serra Leoa raiz dir dir dir dir NÃO
Sérvia raiz dir dir dir dir NÃO
Singapura raiz dir dir dir dir NÃO
Síria raiz dir dir dir dir NÃO
Somália raiz dir dir dir dir NÃO
Sri Lanca raiz dir dir dir dir NÃO
Suazilândia raiz dir dir dir dir NÃO
Sudão raiz dir dir dir dir NÃO
Sudão do Sul raiz dir dir dir dir NÃO
Suécia raiz dir dir dir dir NÃO
Suíça raiz dir dir dir dir NÃO
Suriname raiz dir dir dir dir NÃO
Tailândia raiz dir dir dir dir NÃO
Taiuã raiz dir dir dir dir NÃO
Tajiquistão raiz dir dir dir dir NÃO
Tanzânia raiz dir dir dir dir NÃO
Timor-Leste raiz dir dir dir dir NÃO
Togo raiz dir dir dir dir NÃO
Tonga raiz dir dir dir dir NÃO
Trindade e Tobago raiz dir dir dir dir NÃO
Tunísia raiz dir dir dir dir NÃO
Turcomenistão raiz dir dir dir dir NÃO
Turquia raiz dir dir dir dir NÃO
Tuvalu raiz dir dir dir dir NÃO
Ucrânia raiz dir dir dir dir NÃO
Uganda raiz dir dir dir dir NÃO
Uruguai raiz dir dir dir dir NÃO
Usbequistão raiz dir dir dir dir NÃO
Vanuatu raiz dir dir dir dir NÃO
Vaticano raiz dir dir dir dir NÃO
Venezuela raiz dir dir dir dir NÃO
Vietname raiz dir dir dir dir NÃO
Zâmbia raiz dir dir dir dir NÃO
Zimbábue raiz dir dir dir dir NÃO
