[ 29(Romênia) 9(Noruega) 2(Egito) 1(Bolivia) 0(Indonésia) 6(País de Gales) 4(Cuba) 3(Honduras) 8(Alemanha Oriental) 7(Tunísia) 16(Turquia) 14(Irlanda do Norte) 12(Argélia) 10(Marrocos) 13(Equador) 15(Peru) 23(Colômbia) 18(Nigéria) 17(Bulgária) 19(Escócia) 24(Coreia do Sul) 26(Dinamarca) 56(México) 40(Chile) 31(Paraguai) 30(Estados Unidos) 39(Suíça) 48(Hungria) 41(República Tcheca) 43(Portugal) 51(Bélgica) 50(Polônia) 96(França) 72(Uruguai) 59(Sérvia) 61(Suécia) 93(Holanda) 156(Itália) 99(Espanha) 98(Inglaterra) 140(Argentina) 227(Brasil) 218(Alemanha) ]
[ 29(Romênia) 9(Noruega) 2(Egito) 1(Bolivia) 0(Indonésia) 6(País de Gales) 4(Cuba) 3(Honduras) 8(Alemanha Oriental) 7(Tunísia) 16(Turquia) 14(Irlanda do Norte) 12(Argélia) 10(Marrocos) 13(Equador) 15(Peru) 23(Colômbia) 18(Nigéria) 17(Bulgária) 19(Escócia) 26(Dinamarca) 51(Bélgica) 41(República Tcheca) 31(Paraguai) 48(Hungria) 43(Portugal) 50(Polônia) 59(Sérvia) 93(Holanda) ]
Afeganistão raiz esq esq esq esq esq NÃO
África do Sul raiz dir dir dir dir NÃO
Albânia raiz esq esq esq esq esq NÃO
Alemanha raiz esq esq esq esq esq NÃO
Andorra raiz esq esq esq esq esq NÃO
Angola raiz esq esq esq esq esq NÃO
Antiga e Barbuda raiz esq esq esq esq esq NÃO
Arábia Saudita raiz esq esq esq esq esq NÃO
Argélia raiz esq esq esq esq esq NÃO
Argentina raiz esq esq esq esq esq NÃO
Arménia raiz esq esq esq esq esq NÃO
Austrália raiz esq esq esq esq esq NÃO
Áustria raiz dir dir dir dir NÃO
Azerbaijão raiz esq esq esq esq esq NÃO
Bahamas raiz esq esq esq esq esq NÃO
Bangladexe raiz esq esq esq esq esq NÃO
Barbados raiz esq esq esq esq esq NÃO
Barém raiz esq esq esq esq esq NÃO
Bélgica raiz esq esq esq dir NÃO
Belize raiz esq esq esq esq esq NÃO
Benim raiz esq esq esq esq esq NÃO
Bielorrússia raiz esq esq esq esq esq NÃO
Bolívia raiz esq esq esq dir NÃO
Bósnia e Herzegovina raiz esq esq esq dir NÃO
Botsuana raiz esq esq esq dir NÃO
Brasil raiz esq esq esq dir NÃO
Brunei raiz esq esq esq dir NÃO
Bulgária raiz esq esq esq dir NÃO
Burquina Faso raiz esq esq esq dir NÃO
Burúndi raiz esq esq esq dir NÃO
Butão raiz esq esq esq dir NÃO
Cabo Verde raiz esq esq esq dir NÃO
Camarões raiz esq esq esq dir NÃO
Camboja raiz esq esq esq dir NÃO
Canadá raiz esq esq esq dir NÃO
Catar raiz esq esq esq dir NÃO
Cazaquistão raiz esq esq esq dir NÃO
Chade raiz esq esq esq dir NÃO
Chile raiz esq esq esq dir NÃO
China raiz esq esq esq dir NÃO
Chipre raiz esq esq esq dir NÃO
Colômbia raiz esq esq esq dir NÃO
Comores raiz esq esq esq dir NÃO
Congo-Brazzaville raiz esq esq esq dir NÃO
Coreia do Norte raiz esq esq esq dir NÃO
Coreia do Sul raiz esq esq esq dir NÃO
Cosovo raiz esq esq esq dir NÃO
Costa do Marfim raiz esq esq esq dir NÃO
Costa Rica raiz esq esq esq dir NÃO
Croácia raiz esq esq esq dir NÃO
Cuaite raiz esq esq esq dir NÃO
Cuba raiz esq esq esq dir NÃO
Dinamarca raiz esq esq esq dir NÃO
Dominica raiz esq esq esq dir NÃO
Egito raiz esq esq SIM
Emirados Árabes Unidos raiz esq esq dir esq dir NÃO
Equador raiz esq esq dir esq dir NÃO
Eritreia raiz esq esq dir esq dir NÃO
Eslováquia raiz esq esq dir esq dir NÃO
Eslovénia raiz esq esq dir esq dir NÃO
Espanha raiz esq esq dir esq dir NÃO
Estado da Palestina raiz esq esq dir esq dir NÃO
Estados Unidos raiz esq esq dir esq dir NÃO
Estónia raiz esq esq dir esq dir NÃO
Etiópia raiz esq esq dir esq dir NÃO
Fiji raiz esq esq dir esq dir NÃO
Filipinas raiz esq esq dir esq dir NÃO
Finlândia raiz esq esq dir esq dir NÃO
França raiz esq esq dir esq dir NÃO
Gabão raiz esq esq dir esq dir NÃO
Gâmbia raiz esq esq dir esq dir NÃO
Gana raiz esq esq dir esq dir NÃO
Geórgia raiz esq esq dir esq dir NÃO
Granada raiz esq esq dir esq dir NÃO
Grécia raiz esq esq dir esq dir NÃO
Guatemala raiz esq esq dir esq dir NÃO
Guiana raiz esq esq dir esq dir NÃO
Guiné raiz esq esq dir esq dir NÃO
Guiné Equatorial raiz esq esq dir esq dir NÃO
Guiné-Bissau raiz esq esq dir esq dir NÃO
Haiti raiz esq esq dir esq dir NÃO
Honduras raiz esq esq dir esq dir NÃO
Hungria raiz esq esq dir esq dir NÃO
Iémen raiz esq esq dir esq dir NÃO
Ilhas Marechal raiz esq esq dir esq dir NÃO
Índia raiz dir dir dir dir NÃO
Indonésia raiz esq esq dir esq dir NÃO
Irão raiz esq esq dir esq dir NÃO
Iraque raiz esq esq dir esq dir NÃO
Irlanda raiz esq esq dir esq dir NÃO
Islândia raiz esq esq dir esq dir NÃO
Israel raiz esq esq dir esq dir NÃO
Itália raiz esq esq dir esq dir NÃO
Jamaica raiz esq esq dir esq dir NÃO
Japão raiz esq esq dir esq dir NÃO
Jibuti raiz esq esq dir esq dir NÃO
Jordânia raiz esq esq dir esq dir NÃO
Laus raiz esq esq dir esq dir NÃO
Lesoto raiz esq esq dir esq dir NÃO
Letónia raiz esq esq dir esq dir NÃO
Líbano raiz esq esq dir esq dir NÃO
Libéria raiz esq esq dir esq dir NÃO
Líbia raiz esq esq dir esq dir NÃO
Listenstaine raiz esq esq dir esq dir NÃO
Lituânia raiz esq esq dir esq dir NÃO
Luxemburgo raiz esq esq dir esq dir NÃO
Macedónia raiz esq esq dir esq dir NÃO
Madagáscar raiz esq esq dir esq dir NÃO
Malásia raiz esq esq dir esq dir NÃO
Maláui raiz esq esq dir esq dir NÃO
Maldivas raiz esq esq dir esq dir NÃO
Mali raiz esq esq dir esq dir NÃO
Malta raiz esq esq dir esq dir NÃO
Marrocos raiz esq esq dir esq dir NÃO
Maurícia raiz esq esq dir esq dir NÃO
Mauritânia raiz esq esq dir esq dir NÃO
México raiz esq esq dir esq dir NÃO
Mianmar raiz esq esq dir esq dir NÃO
Micronésia raiz esq esq dir esq dir NÃO
Moçambique raiz esq esq dir esq dir NÃO
Moldávia raiz esq esq dir esq dir NÃO
Mónaco raiz esq esq dir esq dir NÃO
Mongólia raiz esq esq dir esq dir NÃO
Montenegro raiz esq esq dir esq dir NÃO
Namíbia raiz esq esq dir esq dir NÃO
Nauru raiz esq esq dir esq dir NÃO
Nepal raiz esq esq dir esq dir NÃO
Nicarágua raiz esq esq dir esq dir NÃO
Níger raiz esq dir esq dir esq NÃO
Nigéria raiz esq esq dir esq dir NÃO
Noruega raiz esq SIM
Nova Zelândia raiz esq dir esq dir esq NÃO
Omã raiz esq dir esq dir esq NÃO
Países Baixos raiz esq dir esq dir esq NÃO
Palau raiz esq dir esq dir esq NÃO
Panamá raiz esq dir esq dir esq NÃO
Papua Nova Guiné raiz esq dir esq dir esq NÃO
Paquistão raiz esq dir esq dir esq NÃO
Paraguai raiz esq dir esq dir esq NÃO
Peru raiz esq dir esq dir SIM
Polónia raiz esq dir esq dir dir NÃO
Portugal raiz esq dir esq dir dir NÃO
Quénia raiz esq dir esq dir dir NÃO
Quirguistão raiz esq dir esq dir dir NÃO
Quiribáti raiz esq dir esq dir dir NÃO
Reino Unido raiz esq dir esq dir dir NÃO
República Centro-Africana raiz esq dir esq dir dir NÃO
República Democrática do Congo raiz esq dir esq dir dir NÃO
República Dominicana raiz esq dir esq dir dir NÃO
República Tcheca raiz esq dir esq dir dir NÃO
Roménia raiz esq dir esq dir dir NÃO
Ruanda raiz dir dir esq NÃO
Rússia raiz dir dir esq NÃO
Salomão raiz dir dir esq NÃO
Salvador raiz dir dir esq NÃO
Samoa raiz dir dir esq NÃO
Santa Lúcia raiz dir dir esq NÃO
São Cristóvão e Neves raiz dir dir esq NÃO
São Marinho raiz dir dir esq NÃO
São Tomé e Príncipe raiz dir dir esq NÃO
São Vicente e Granadinas raiz dir dir esq NÃO
Seicheles raiz dir dir esq NÃO
Senegal raiz dir dir esq NÃO
Serra Leoa raiz dir dir esq NÃO
Sérvia raiz dir dir SIM
Singapura raiz dir dir esq NÃO
Síria raiz dir dir dir dir NÃO
Somália raiz dir dir esq NÃO
Sri Lanca raiz dir dir esq NÃO
Suazilândia raiz dir dir esq NÃO
Sudão raiz dir dir esq NÃO
Sudão do Sul raiz dir dir esq NÃO
Suécia raiz dir dir esq NÃO
Suíça raiz dir dir esq NÃO
Suriname raiz dir dir esq NÃO
Tailândia raiz dir dir dir dir NÃO
Taiuã raiz dir dir dir dir NÃO
Tajiquistão raiz dir dir dir dir NÃO
Tanzânia raiz dir dir dir dir NÃO
Timor-Leste raiz dir dir dir dir NÃO
Togo raiz dir dir dir dir NÃO
Tonga raiz dir dir dir dir NÃO
Trindade e Tobago raiz dir dir dir dir NÃO
Tunísia raiz dir dir dir dir NÃO
Turcomenistão raiz dir dir dir dir NÃO
Turquia raiz dir dir dir dir NÃO
Tuvalu raiz dir dir dir dir NÃO
Ucrânia raiz dir dir dir dir NÃO
Uganda raiz dir dir dir dir NÃO
Uruguai raiz dir dir dir dir NÃO
Usbequistão raiz dir dir dir dir NÃO
Vanuatu raiz dir dir dir dir NÃO
Vaticano raiz dir dir dir dir NÃO
Venezuela raiz dir dir dir dir NÃO
Vietname raiz dir dir dir dir NÃO
Zâmbia raiz dir dir dir dir NÃO
Zimbábue raiz dir dir dir dir NÃO
