[ 0(Indonésia) 1(Bolivia) 2(Egito) 24(Coreia do Sul) 4(Cuba) 26(Dinamarca) 48(Hungria) 7(Tunísia) 29(Romênia) 72(Uruguai) 31(Paraguai) 96(França) 13(Equador) 56(México) 15(Peru) 16(Turquia) 59(Sérvia) 39(Suíça) 40(Chile) 41(República Tcheca) 140(Argentina) 227(Brasil) 30(Estados Unidos) 51(Bélgica) 156(Itália) 218(Alemanha) 40(Áustria) 99(Espanha) 93(Holanda)  ]
Afeganistão NÃO
África do Sul NÃO
Albânia NÃO
Alemanha SIM
Andorra NÃO
Angola NÃO
Antiga e Barbuda NÃO
Arábia Saudita NÃO
Argélia NÃO
Argentina SIM
Arménia NÃO
Austrália NÃO
Áustria SIM
Azerbaijão NÃO
Bahamas NÃO
Bangladexe NÃO
Barbados NÃO
Barém NÃO
Bélgica SIM
Belize NÃO
Benim NÃO
Bielorrússia NÃO
Bolívia NÃO
Bósnia e Herzegovina NÃO
Botsuana NÃO
Brasil SIM
Brunei NÃO
Bulgária NÃO
Burquina Faso NÃO
Burúndi NÃO
Butão NÃO
Cabo Verde NÃO
Camarões NÃO
Camboja NÃO
Canadá NÃO
Catar NÃO
Cazaquistão NÃO
Chade NÃO
Chile SIM
China NÃO
Chipre NÃO
Colômbia NÃO
Comores NÃO
Congo-Brazzaville NÃO
Coreia do Norte NÃO
Coreia do Sul SIM
Cosovo NÃO
Costa do Marfim NÃO
Costa Rica NÃO
Croácia NÃO
Cuaite NÃO
Cuba SIM
Dinamarca SIM
Dominica NÃO
Egito SIM
Emirados Árabes Unidos NÃO
Equador SIM
Eritreia NÃO
Eslováquia NÃO
Eslovénia NÃO
Espanha SIM
Estado da Palestina NÃO
Estados Unidos SIM
Estónia NÃO
Etiópia NÃO
Fiji NÃO
Filipinas NÃO
Finlândia NÃO
França SIM
Gabão NÃO
Gâmbia NÃO
Gana NÃO
Geórgia NÃO
Granada NÃO
Grécia NÃO
Guatemala NÃO
Guiana NÃO
Guiné NÃO
Guiné Equatorial NÃO
Guiné-Bissau NÃO
Haiti NÃO
Honduras NÃO
Hungria SIM
Iémen NÃO
Ilhas Marechal NÃO
Índia NÃO
Indonésia SIM
Irão NÃO
Iraque NÃO
Irlanda NÃO
Islândia NÃO
Israel NÃO
Itália SIM
Jamaica NÃO
Japão NÃO
Jibuti NÃO
Jordânia NÃO
Laus NÃO
Lesoto NÃO
Letónia NÃO
Líbano NÃO
Libéria NÃO
Líbia NÃO
Listenstaine NÃO
Lituânia NÃO
Luxemburgo NÃO
Macedónia NÃO
Madagáscar NÃO
Malásia NÃO
Maláui NÃO
Maldivas NÃO
Mali NÃO
Malta NÃO
Marrocos NÃO
Maurícia NÃO
Mauritânia NÃO
México SIM
Mianmar NÃO
Micronésia NÃO
Moçambique NÃO
Moldávia NÃO
Mónaco NÃO
Mongólia NÃO
Montenegro NÃO
Namíbia NÃO
Nauru NÃO
Nepal NÃO
Nicarágua NÃO
Níger NÃO
Nigéria NÃO
Noruega NÃO
Nova Zelândia NÃO
Omã NÃO
Países Baixos NÃO
Palau NÃO
Panamá NÃO
Papua Nova Guiné NÃO
Paquistão NÃO
Paraguai SIM
Peru SIM
Polónia NÃO
Portugal NÃO
Quénia NÃO
Quirguistão NÃO
Quiribáti NÃO
Reino Unido NÃO
República Centro-Africana NÃO
República Democrática do Congo NÃO
República Dominicana NÃO
República Tcheca SIM
Roménia NÃO
Ruanda NÃO
Rússia NÃO
Salomão NÃO
Salvador NÃO
Samoa NÃO
Santa Lúcia NÃO
São Cristóvão e Neves NÃO
São Marinho NÃO
São Tomé e Príncipe NÃO
São Vicente e Granadinas NÃO
Seicheles NÃO
Senegal NÃO
Serra Leoa NÃO
Sérvia SIM
Singapura NÃO
Síria NÃO
Somália NÃO
Sri Lanca NÃO
Suazilândia NÃO
Sudão NÃO
Sudão do Sul NÃO
Suécia NÃO
Suíça SIM
Suriname NÃO
Tailândia NÃO
Taiuã NÃO
Tajiquistão NÃO
Tanzânia NÃO
Timor-Leste NÃO
Togo NÃO
Tonga NÃO
Trindade e Tobago NÃO
Tunísia SIM
Turcomenistão NÃO
Turquia SIM
Tuvalu NÃO
Ucrânia NÃO
Uganda NÃO
Uruguai SIM
Usbequistão NÃO
Vanuatu NÃO
Vaticano NÃO
Venezuela NÃO
Vietname NÃO
Zâmbia NÃO
Zimbábue NÃO
